── Attaching packages ─────────────────────────────────────── tidyverse 1.3.1 ──
✔ ggplot2 3.3.6     ✔ purrr   0.3.4
✔ tibble  3.1.7     ✔ dplyr   1.0.9
✔ tidyr   1.2.0     ✔ stringr 1.4.0
✔ readr   2.1.2     ✔ forcats 0.5.1
── Conflicts ────────────────────────────────────────── tidyverse_conflicts() ──
✖ dplyr::filter() masks stats::filter()
✖ dplyr::lag()    masks stats::lag()
Warning messages:
1: package ‘tidyverse’ was built under R version 3.6.3 
2: package ‘ggplot2’ was built under R version 3.6.3 
3: package ‘tibble’ was built under R version 3.6.3 
4: package ‘tidyr’ was built under R version 3.6.3 
5: package ‘readr’ was built under R version 3.6.3 
6: package ‘purrr’ was built under R version 3.6.3 
7: package ‘dplyr’ was built under R version 3.6.3 
8: package ‘stringr’ was built under R version 3.6.3 
9: package ‘forcats’ was built under R version 3.6.3 
[1] "10"
  x y
1 1 2
2 2 3
3 3 4
